ď»ż
> web@0.1.0 build
> next build

Ă”Ă»â–“ Next.js 16.1.6 (Turbopack)

  Creating an optimized production build ...
node.exe : Error: 
Cannot apply 
unknown utility 
class 
`border-border`. 
Are you using CSS 
modules or similar 
and missing 
`@reference`? https:
//tailwindcss.com/do
cs/functions-and-dir
ectives#reference-di
rective
No linha:1 
caractere:1
+ & "C:\Program File
s\nodejs/node.exe" 
"C:\Program Files\no
dejs/node_mo ...
+ ~~~~~~~~~~~~~~~~~~
~~~~~~~~~~~~~~~~~~~~
~~~~~~~~~~~~~~~~~~~~
~~~~~~~~~~~
    + CategoryInfo  
            : NotS  
  pecified: (Erro   
 r: Cannot a...r    
ence-directive:    
String) [], Rem    
oteException
    + FullyQualifie 
   dErrorId : Nati  
  veCommandError
 
    [2m[at 
onInvalidCandidate (
C:\Users\TAKEDA\Desk
top\Medal Bypass\web
\node_modules\tailwi
ndcss\dist\lib.js:21
:1314)][0m
    [2m[at Ee (C:\U
sers\TAKEDA\Desktop\
Medal Bypass\web\nod
e_modules\tailwindcs
s\dist\lib.js:16:370
66)][0m
    [2m[at C:\Users
\TAKEDA\Desktop\Meda
l Bypass\web\node_mo
dules\tailwindcss\di
st\lib.js:21:355][0
m
    [2m[at Pr (C:\U
sers\TAKEDA\Desktop\
Medal Bypass\web\nod
e_modules\tailwindcs
s\dist\lib.js:3:1733
)][0m
    [2m[at _ (C:\Us
ers\TAKEDA\Desktop\M
edal Bypass\web\node
_modules\tailwindcss
\dist\lib.js:3:1377)
][0m
    [2m[at Te (C:\U
sers\TAKEDA\Desktop\
Medal Bypass\web\nod
e_modules\tailwindcs
s\dist\lib.js:21:172
)][0m
    [2m[at pn (C:\U
sers\TAKEDA\Desktop\
Medal Bypass\web\nod
e_modules\tailwindcs
s\dist\lib.js:38:294
)][0m
    [2m[at process.
processTicksAndRejec
tions (node:internal
/process/task_queues
:105:5)][0m
    [2m[at async 
dn (C:\Users\TAKEDA\
Desktop\Medal Bypass
\web\node_modules\ta
ilwindcss\dist\lib.j
s:38:631)][0m
    [2m[at async 
Xr (C:\Users\TAKEDA\
Desktop\Medal Bypass
\web\node_modules\@t
ailwindcss\node\dist
\index.js:10:3417)]
[0m

> Build error 
occurred
Error: Turbopack 
build failed with 1 
errors:
./src/app/globals.cs
s
Error evaluating 
Node.js code
CssSyntaxError: 
tailwindcss: C:\User
s\TAKEDA\Desktop\Med
al Bypass\web\src\ap
p\globals.css:1:1: 
Cannot apply 
unknown utility 
class 
`border-border`. 
Are you using CSS 
modules or similar 
and missing 
`@reference`? https:
//tailwindcss.com/do
cs/functions-and-dir
ectives#reference-di
rective
    at Input.error (
node_modules/postcss
/lib/input.js:135:16
) [C:\Users\TAKEDA\D
esktop\Medal Bypass\
web\.next\build\chun
ks\node_modules_fe69
3df6._.js:4651:22]
    at Root.error (n
ode_modules/postcss/
lib/node.js:146:32) 
[C:\Users\TAKEDA\Des
ktop\Medal Bypass\we
b\.next\build\chunks
\node_modules_fe693d
f6._.js:928:38]
    [at Object.Once 
(C:\Users\TAKEDA\Des
ktop\Medal Bypass\we
b\node_modules\@tail
windcss\postcss\dist
\index.js:10:6913)]
    [at process.proc
essTicksAndRejection
s (node:internal/pro
cess/task_queues:105
:5)]
    at async 
LazyResult.runAsync 
(node_modules/postcs
s/lib/lazy-result.js
:293:11) [C:\Users\T
AKEDA\Desktop\Medal 
Bypass\web\.next\bui
ld\chunks\node_modul
es_fe693df6._.js:621
4:21]
    at async 
transform (turbopack
:///[turbopack-node]
/transforms/postcss.
ts:70:34) [C:\Users\
TAKEDA\Desktop\Medal
 Bypass\web\.next\bu
ild\chunks\[root-of-
the-server]__51225da
f._.js:146:36]
    at async run (tu
rbopack:///[turbopac
k-node]/ipc/evaluate
.ts:92:23) [C:\Users
\TAKEDA\Desktop\Meda
l Bypass\web\.next\b
uild\chunks\[root-of
-the-server]__974941
ed._.js:443:31]

Import trace:
  Client Component 
Browser:
    ./src/app/global
s.css [Client 
Component Browser]
    ./src/app/layout
.tsx [Server 
Component]


    at async 
transform (turbopack
:///[turbopack-node]
/transforms/postcss.
ts:70:34) [C:\Users\
TAKEDA\Desktop\Medal
 Bypass\web\.next\bu
ild\chunks\[root-of-
the-server]__51225da
f._.js:146:36])
    at async run (tu
rbopack:///[turbopac
k-node]/ipc/evaluate
.ts:92:23) [C:\Users
\TAKEDA\Desktop\Meda
l Bypass\web\.next\b
uild\chunks\[root-of
-the-server]__974941
ed._.js:443:31])
